2022/08/27 09:29:54 [notice] 1#1: using the "epoll" event method
2022/08/27 09:29:54 [notice] 1#1: nginx/1.22.0
2022/08/27 09:29:54 [notice] 1#1: built by gcc 11.2.1 20220219 (Alpine 11.2.1_git20220219) 
2022/08/27 09:29:54 [notice] 1#1: OS: Linux 5.15.0-46-generic
2022/08/27 09:29:54 [notice] 1#1: getrlimit(RLIMIT_NOFILE): 1048576:1048576
2022/08/27 09:29:54 [notice] 1#1: start worker processes
2022/08/27 09:29:54 [notice] 1#1: start worker process 30
2022/08/27 09:29:54 [notice] 1#1: start worker process 31
2022/08/27 09:29:54 [notice] 1#1: start worker process 32
2022/08/27 09:29:54 [notice] 1#1: start worker process 33
2022/08/27 09:30:03 [error] 30#30: *2 open() "/var/www/html/favicon.ico" failed (2: No such file or directory), client: 172.26.0.1, server: , request: "GET /favicon.ico HTTP/1.1", host: "localhost", referrer: "http://localhost/"
2022/08/27 09:43:43 [notice] 1#1: signal 3 (SIGQUIT) received, shutting down
2022/08/27 09:43:43 [notice] 32#32: gracefully shutting down
2022/08/27 09:43:43 [notice] 33#33: gracefully shutting down
2022/08/27 09:43:43 [notice] 32#32: exiting
2022/08/27 09:43:43 [notice] 33#33: exiting
2022/08/27 09:43:43 [notice] 33#33: exit
2022/08/27 09:43:43 [notice] 32#32: exit
2022/08/27 09:43:43 [notice] 30#30: gracefully shutting down
2022/08/27 09:43:43 [notice] 30#30: exiting
2022/08/27 09:43:43 [notice] 30#30: exit
2022/08/27 09:43:43 [notice] 31#31: gracefully shutting down
2022/08/27 09:43:43 [notice] 31#31: exiting
2022/08/27 09:43:43 [notice] 31#31: exit
2022/08/27 09:43:43 [notice] 1#1: signal 17 (SIGCHLD) received from 30
2022/08/27 09:43:43 [notice] 1#1: worker process 30 exited with code 0
2022/08/27 09:43:43 [notice] 1#1: worker process 32 exited with code 0
2022/08/27 09:43:43 [notice] 1#1: signal 29 (SIGIO) received
2022/08/27 09:43:43 [notice] 1#1: signal 17 (SIGCHLD) received from 31
2022/08/27 09:43:43 [notice] 1#1: worker process 31 exited with code 0
2022/08/27 09:43:43 [notice] 1#1: signal 29 (SIGIO) received
2022/08/27 09:43:43 [notice] 1#1: signal 17 (SIGCHLD) received from 33
2022/08/27 09:43:43 [notice] 1#1: worker process 33 exited with code 0
2022/08/27 09:43:43 [notice] 1#1: exit
2022/08/27 15:05:24 [notice] 1#1: using the "epoll" event method
2022/08/27 15:05:24 [notice] 1#1: nginx/1.22.0
2022/08/27 15:05:24 [notice] 1#1: built by gcc 11.2.1 20220219 (Alpine 11.2.1_git20220219) 
2022/08/27 15:05:24 [notice] 1#1: OS: Linux 5.15.0-46-generic
2022/08/27 15:05:24 [notice] 1#1: getrlimit(RLIMIT_NOFILE): 1048576:1048576
2022/08/27 15:05:24 [notice] 1#1: start worker processes
2022/08/27 15:05:24 [notice] 1#1: start worker process 31
2022/08/27 15:05:24 [notice] 1#1: start worker process 32
2022/08/27 15:05:24 [notice] 1#1: start worker process 33
2022/08/27 15:05:24 [notice] 1#1: start worker process 34
2022/08/27 15:05:45 [error] 32#32: *2 open() "/var/www/html/favicon.ico" failed (2: No such file or directory), client: 172.27.0.1, server: , request: "GET /favicon.ico HTTP/1.1", host: "localhost", referrer: "http://localhost/"
2022/08/29 02:15:44 [notice] 1#1: using the "epoll" event method
2022/08/29 02:15:44 [notice] 1#1: nginx/1.22.0
2022/08/29 02:15:44 [notice] 1#1: built by gcc 11.2.1 20220219 (Alpine 11.2.1_git20220219) 
2022/08/29 02:15:44 [notice] 1#1: OS: Linux 5.15.0-46-generic
2022/08/29 02:15:44 [notice] 1#1: getrlimit(RLIMIT_NOFILE): 1048576:1048576
2022/08/29 02:15:44 [notice] 1#1: start worker processes
2022/08/29 02:15:44 [notice] 1#1: start worker process 31
2022/08/29 02:15:44 [notice] 1#1: start worker process 32
2022/08/29 02:15:44 [notice] 1#1: start worker process 33
2022/08/29 02:15:44 [notice] 1#1: start worker process 34
2022/08/29 02:16:32 [error] 31#31: *1 open() "/var/www/html/favicon.ico" failed (2: No such file or directory), client: 172.27.0.1, server: , request: "GET /favicon.ico HTTP/1.1", host: "localhost", referrer: "http://localhost/"
2022/08/29 03:10:13 [notice] 1#1: using the "epoll" event method
2022/08/29 03:10:13 [notice] 1#1: nginx/1.22.0
2022/08/29 03:10:13 [notice] 1#1: built by gcc 11.2.1 20220219 (Alpine 11.2.1_git20220219) 
2022/08/29 03:10:13 [notice] 1#1: OS: Linux 5.15.0-46-generic
2022/08/29 03:10:13 [notice] 1#1: getrlimit(RLIMIT_NOFILE): 1048576:1048576
2022/08/29 03:10:13 [notice] 1#1: start worker processes
2022/08/29 03:10:13 [notice] 1#1: start worker process 32
2022/08/29 03:10:13 [notice] 1#1: start worker process 33
2022/08/29 03:10:13 [notice] 1#1: start worker process 34
2022/08/29 03:10:13 [notice] 1#1: start worker process 35
2022/08/29 03:10:18 [notice] 1#1: signal 3 (SIGQUIT) received, shutting down
2022/08/29 03:10:18 [notice] 32#32: gracefully shutting down
2022/08/29 03:10:18 [notice] 32#32: exiting
2022/08/29 03:10:18 [notice] 32#32: exit
2022/08/29 03:10:18 [notice] 33#33: gracefully shutting down
2022/08/29 03:10:18 [notice] 34#34: gracefully shutting down
2022/08/29 03:10:18 [notice] 34#34: exiting
2022/08/29 03:10:18 [notice] 33#33: exiting
2022/08/29 03:10:18 [notice] 34#34: exit
2022/08/29 03:10:18 [notice] 33#33: exit
2022/08/29 03:10:18 [notice] 35#35: gracefully shutting down
2022/08/29 03:10:18 [notice] 35#35: exiting
2022/08/29 03:10:18 [notice] 35#35: exit
2022/08/29 03:10:18 [notice] 1#1: signal 17 (SIGCHLD) received from 33
2022/08/29 03:10:18 [notice] 1#1: worker process 32 exited with code 0
2022/08/29 03:10:18 [notice] 1#1: worker process 33 exited with code 0
2022/08/29 03:10:18 [notice] 1#1: worker process 35 exited with code 0
2022/08/29 03:10:18 [notice] 1#1: signal 29 (SIGIO) received
2022/08/29 03:10:18 [notice] 1#1: signal 17 (SIGCHLD) received from 32
2022/08/29 03:10:18 [notice] 1#1: signal 17 (SIGCHLD) received from 34
2022/08/29 03:10:18 [notice] 1#1: worker process 34 exited with code 0
2022/08/29 03:10:18 [notice] 1#1: exit
